# JRE version: OpenJDK Runtime Environment (17.0+35) (build 17+35-2724)
# Java VM: OpenJDK 64-Bit Server VM (17+35-2724, mixed mode, sharing, tiered, compressed oops, compressed class ptrs, g1 gc, windows-amd64)
GC Precious Log:
 CPUs: 16 total, 16 available
 Memory: 15679M
 Large Page Support: Disabled
 NUMA Support: Disabled
 Compressed Oops: Enabled (32-bit)
 Heap Region Size: 1M
 Heap Min Capacity: 256M
 Heap Initial Capacity: 256M
 Heap Max Capacity: 512M
 Pre-touch: Disabled
 Parallel Workers: 13
 Concurrent Workers: 3
 Concurrent Refinement Workers: 13
 Periodic GC: Disabled
Heap:
 garbage-first heap   total 262144K, used 166757K [0x00000000e0000000, 0x0000000100000000)
  region size 1024K, 66 young (67584K), 3 survivors (3072K)
 Metaspace       used 62074K, committed 62784K, reserved 372736K
  class space    used 8637K, committed 8960K, reserved 315392K
GC Heap History (18 events):
Event: 1.299 GC heap before
{Heap before GC invocations=0 (full 0):
 garbage-first heap   total 262144K, used 26624K [0x00000000e0000000, 0x0000000100000000)
  region size 1024K, 23 young (23552K), 0 survivors (0K)
 Metaspace       used 2875K, committed 3008K, reserved 323584K
  class space    used 358K, committed 448K, reserved 315392K
}
Event: 1.303 GC heap after
{Heap after GC invocations=1 (full 0):
 garbage-first heap   total 262144K, used 10959K [0x00000000e0000000, 0x0000000100000000)
  region size 1024K, 3 young (3072K), 3 survivors (3072K)
 Metaspace       used 2875K, committed 3008K, reserved 323584K
  class space    used 358K, committed 448K, reserved 315392K
}
Event: 1.903 GC heap before
{Heap before GC invocations=1 (full 0):
 garbage-first heap   total 262144K, used 37583K [0x00000000e0000000, 0x0000000100000000)
  region size 1024K, 29 young (29696K), 3 survivors (3072K)
 Metaspace       used 4085K, committed 4224K, reserved 323584K
  class space    used 497K, committed 576K, reserved 315392K
}
Event: 1.907 GC heap after
{Heap after GC invocations=2 (full 0):
 garbage-first heap   total 262144K, used 11475K [0x00000000e0000000, 0x0000000100000000)
  region size 1024K, 1 young (1024K), 1 survivors (1024K)
 Metaspace       used 4085K, committed 4224K, reserved 323584K
  class space    used 497K, committed 576K, reserved 315392K
}
Event: 6.121 GC heap before
{Heap before GC invocations=2 (full 0):
 garbage-first heap   total 262144K, used 137427K [0x00000000e0000000, 0x0000000100000000)
  region size 1024K, 125 young (128000K), 1 survivors (1024K)
 Metaspace       used 21250K, committed 21504K, reserved 339968K
  class space    used 3131K, committed 3264K, reserved 315392K
}
Event: 6.129 GC heap after
{Heap after GC invocations=3 (full 0):
 garbage-first heap   total 262144K, used 23043K [0x00000000e0000000, 0x0000000100000000)
  region size 1024K, 13 young (13312K), 13 survivors (13312K)
 Metaspace       used 21250K, committed 21504K, reserved 339968K
  class space    used 3131K, committed 3264K, reserved 315392K
}
Event: 9.674 GC heap before
{Heap before GC invocations=4 (full 0):
 garbage-first heap   total 262144K, used 155139K [0x00000000e0000000, 0x0000000100000000)
  region size 1024K, 128 young (131072K), 13 survivors (13312K)
 Metaspace       used 35757K, committed 36096K, reserved 348160K
  class space    used 4940K, committed 5120K, reserved 315392K
}
Event: 9.685 GC heap after
{Heap after GC invocations=5 (full 0):
 garbage-first heap   total 262144K, used 44719K [0x00000000e0000000, 0x0000000100000000)
  region size 1024K, 11 young (11264K), 11 survivors (11264K)
 Metaspace       used 35757K, committed 36096K, reserved 348160K
  class space    used 4940K, committed 5120K, reserved 315392K
}
Event: 9.723 GC heap before
{Heap before GC invocations=5 (full 0):
 garbage-first heap   total 262144K, used 45743K [0x00000000e0000000, 0x0000000100000000)
  region size 1024K, 12 young (12288K), 11 survivors (11264K)
 Metaspace       used 35905K, committed 36288K, reserved 348160K
  class space    used 4964K, committed 5184K, reserved 315392K
}
Event: 9.732 GC heap after
{Heap after GC invocations=6 (full 0):
 garbage-first heap   total 262144K, used 45419K [0x00000000e0000000, 0x0000000100000000)
  region size 1024K, 2 young (2048K), 2 survivors (2048K)
 Metaspace       used 35905K, committed 36288K, reserved 348160K
  class space    used 4964K, committed 5184K, reserved 315392K
}
Event: 9.777 GC heap before
{Heap before GC invocations=6 (full 0):
 garbage-first heap   total 262144K, used 46443K [0x00000000e0000000, 0x0000000100000000)
  region size 1024K, 4 young (4096K), 2 survivors (2048K)
 Metaspace       used 36057K, committed 36416K, reserved 348160K
  class space    used 4987K, committed 5184K, reserved 315392K
}
Event: 9.780 GC heap after
{Heap after GC invocations=7 (full 0):
 garbage-first heap   total 262144K, used 44732K [0x00000000e0000000, 0x0000000100000000)
  region size 1024K, 1 young (1024K), 1 survivors (1024K)
 Metaspace       used 36057K, committed 36416K, reserved 348160K
  class space    used 4987K, committed 5184K, reserved 315392K
}
Event: 13.443 GC heap before
{Heap before GC invocations=8 (full 0):
 garbage-first heap   total 262144K, used 187068K [0x00000000e0000000, 0x0000000100000000)
  region size 1024K, 136 young (139264K), 1 survivors (1024K)
 Metaspace       used 49193K, committed 49728K, reserved 364544K
  class space    used 6864K, committed 7104K, reserved 315392K
}
Event: 13.449 GC heap after
{Heap after GC invocations=9 (full 0):
 garbage-first heap   total 262144K, used 56904K [0x00000000e0000000, 0x0000000100000000)
  region size 1024K, 10 young (10240K), 10 survivors (10240K)
 Metaspace       used 49193K, committed 49728K, reserved 364544K
  class space    used 6864K, committed 7104K, reserved 315392K
}
Event: 27.237 GC heap before
{Heap before GC invocations=9 (full 0):
 garbage-first heap   total 262144K, used 221768K [0x00000000e0000000, 0x0000000100000000)
  region size 1024K, 143 young (146432K), 10 survivors (10240K)
 Metaspace       used 59081K, committed 59776K, reserved 372736K
  class space    used 8371K, committed 8704K, reserved 315392K
}
Event: 27.248 GC heap after
{Heap after GC invocations=10 (full 0):
 garbage-first heap   total 262144K, used 100497K [0x00000000e0000000, 0x0000000100000000)
  region size 1024K, 18 young (18432K), 18 survivors (18432K)
 Metaspace       used 59081K, committed 59776K, reserved 372736K
  class space    used 8371K, committed 8704K, reserved 315392K
}
Event: 27.387 GC heap before
{Heap before GC invocations=10 (full 0):
 garbage-first heap   total 262144K, used 113809K [0x00000000e0000000, 0x0000000100000000)
  region size 1024K, 32 young (32768K), 18 survivors (18432K)
 Metaspace       used 60129K, committed 60800K, reserved 372736K
  class space    used 8520K, committed 8832K, reserved 315392K
}
Event: 27.395 GC heap after
{Heap after GC invocations=11 (full 0):
 garbage-first heap   total 262144K, used 103269K [0x00000000e0000000, 0x0000000100000000)
  region size 1024K, 3 young (3072K), 3 survivors (3072K)
 Metaspace       used 60129K, committed 60800K, reserved 372736K
  class space    used 8520K, committed 8832K, reserved 315392K
}

